<?xml version="1.0" encoding="UTF-8"?>
<!-- Generated by org.testng.reporters.JUnitReportReporter -->
<testsuite hostname="DESKTOP-AEABJVP" failures="0" tests="1" name="NguyenThiHien_2019606119.Test_Environment" time="1.357" errors="0" timestamp="04 May 2023 16:17:58 GMT" skipped="0">
  <testcase classname="NguyenThiHien_2019606119.Test_Environment" name="TC_01_Url" time="1.357"/>
</testsuite> <!-- NguyenThiHien_2019606119.Test_Environment -->
