<?xml version="1.0" encoding="UTF-8"?>
<!-- Generated by org.testng.reporters.JUnitReportReporter -->
<testsuite hostname="DESKTOP-AEABJVP" failures="0" tests="21" name="webdriver.Test_Function_Selenium" time="76.640" errors="0" timestamp="29 Apr 2023 09:59:41 GMT" skipped="0">
  <testcase classname="webdriver.Test_Function_Selenium" name="TC_06_Register_Incorrect_Confirm_Password" time="2.931"/>
  <testcase classname="webdriver.Test_Function_Selenium" name="TC_11_Login_Email_Registered_Incorrect_Password" time="1.112"/>
  <testcase classname="webdriver.Test_Function_Selenium" name="TC_05_Register_Password_Less_Than_6_Chars" time="2.761"/>
  <testcase classname="webdriver.Test_Function_Selenium" name="TC_01_Register_Empty_Data" time="1.312"/>
  <testcase classname="webdriver.Test_Function_Selenium" name="TC_07_Login_Empty_Data" time="0.531"/>
  <testcase classname="webdriver.Test_Function_Selenium" name="TC_08_Login_Invalid_Email" time="0.758"/>
  <testcase classname="webdriver.Test_Function_Selenium" name="TC_20_Order_Payment_Method_By_Cheque" time="8.693"/>
  <testcase classname="webdriver.Test_Function_Selenium" name="TC_18_Update_Shopping_Cart" time="0.746"/>
  <testcase classname="webdriver.Test_Function_Selenium" name="TC_19_Remove_From_Cart" time="0.477"/>
  <testcase classname="webdriver.Test_Function_Selenium" name="TC_03_Register_Valid_Information" time="3.127"/>
  <testcase classname="webdriver.Test_Function_Selenium" name="TC_02_Register_Invalid_Email" time="3.976"/>
  <testcase classname="webdriver.Test_Function_Selenium" name="TC_12_Login_Email_Registered_Correct_Password" time="1.418"/>
  <testcase classname="webdriver.Test_Function_Selenium" name="TC_14_Add_Product_To_Wishlist" time="2.338"/>
  <testcase classname="webdriver.Test_Function_Selenium" name="TC_10_Login_Email_Registered_Empty_Password" time="1.035"/>
  <testcase classname="webdriver.Test_Function_Selenium" name="TC_17_Add_Product_To_Cart" time="1.969"/>
  <testcase classname="webdriver.Test_Function_Selenium" name="TC_13_Wishlist_Empty_Data" time="0.449"/>
  <testcase classname="webdriver.Test_Function_Selenium" name="TC_21_Order_Payment_Method_By_Card" time="35.595"/>
  <testcase classname="webdriver.Test_Function_Selenium" name="TC_04_Register_Email_Already_Exists" time="2.984"/>
  <testcase classname="webdriver.Test_Function_Selenium" name="TC_15_Add_Product_Form_Wishlist_To_Cart" time="0.937"/>
  <testcase classname="webdriver.Test_Function_Selenium" name="TC_16_Remove_Product_From_Wishlist" time="2.428"/>
  <testcase classname="webdriver.Test_Function_Selenium" name="TC_09_Login_Email_Unregistered" time="1.063"/>
</testsuite> <!-- webdriver.Test_Function_Selenium -->
