<?xml version="1.0" encoding="UTF-8"?>
<!-- Generated by org.testng.reporters.JUnitReportReporter -->
<testsuite hostname="DESKTOP-AEABJVP" failures="0" tests="2" name="webdriver.Topic_00_Template" time="3.538" errors="0" timestamp="18 Mar 2023 01:33:56 GMT" skipped="0">
  <testcase classname="webdriver.Topic_00_Template" name="TC_02" time="0.005"/>
  <testcase classname="webdriver.Topic_00_Template" name="TC_01" time="3.533"/>
</testsuite> <!-- webdriver.Topic_00_Template -->
