<?xml version="1.0" encoding="UTF-8"?>
<!-- Generated by org.testng.reporters.JUnitReportReporter -->
<testsuite hostname="DESKTOP-AEABJVP" failures="0" tests="3" name="webdriver.Topic_01_Setup_Environment" time="0.096" errors="0" timestamp="17 Mar 2023 17:07:53 GMT" skipped="0">
  <testcase classname="webdriver.Topic_01_Setup_Environment" name="TC_02_Logo" time="0.055"/>
  <testcase classname="webdriver.Topic_01_Setup_Environment" name="TC_01_Url" time="0.013"/>
  <testcase classname="webdriver.Topic_01_Setup_Environment" name="TC_03_Form" time="0.028"/>
</testsuite> <!-- webdriver.Topic_01_Setup_Environment -->
